<?xml version="1.0" encoding="UTF-8"?>
<robot generator="Robot 4.0.1 (Python 3.9.4 on win32)" generated="20210416 18:52:14.445" rpa="false" schemaversion="2">
<suite id="s1" name="CreateDeal" source="C:\Users\LENOVO\PycharmProjects\Rb repository\rbpract1\PilotTestcases\CreateDeal.robot">
<kw name="Before Suite" library="HomePageKeywords" type="SETUP">
<kw name="Open Browser" library="SeleniumLibrary">
<arg>${URL}</arg>
<arg>${Browser}</arg>
<doc>Opens a new browser instance to the optional ``url``.</doc>
<msg timestamp="20210416 18:52:15.660" level="INFO">Opening browser 'chrome' to base url 'https://app.succulent2.eupheme.tech/sign_in'.</msg>
<status status="PASS" starttime="20210416 18:52:15.660" endtime="20210416 18:52:26.099"/>
</kw>
<kw name="Maximize Browser Window" library="SeleniumLibrary">
<doc>Maximizes current browser window.</doc>
<status status="PASS" starttime="20210416 18:52:26.099" endtime="20210416 18:52:30.544"/>
</kw>
<kw name="Set Browser Implicit Wait" library="SeleniumLibrary">
<arg>${wait}</arg>
<doc>Sets the implicit wait value used by Selenium.</doc>
<status status="PASS" starttime="20210416 18:52:30.544" endtime="20210416 18:52:30.547"/>
</kw>
<kw name="Input Text" library="SeleniumLibrary">
<arg>${userName_X}</arg>
<arg>${UserName}</arg>
<doc>Types the given ``text`` into the text field identified by ``locator``.</doc>
<msg timestamp="20210416 18:52:30.547" level="INFO">Typing text 'shiva.vetukuri@qualitlabs.com' into text field 'xpath://input[@id='input-email']'.</msg>
<status status="PASS" starttime="20210416 18:52:30.547" endtime="20210416 18:52:31.398"/>
</kw>
<kw name="Input Text" library="SeleniumLibrary">
<arg>${password_X}</arg>
<arg>${Password}</arg>
<doc>Types the given ``text`` into the text field identified by ``locator``.</doc>
<msg timestamp="20210416 18:52:31.398" level="INFO">Typing text 'QualiT@7890' into text field 'xpath://input[@id='input-password']'.</msg>
<status status="PASS" starttime="20210416 18:52:31.398" endtime="20210416 18:52:31.941"/>
</kw>
<kw name="Click Element" library="SeleniumLibrary">
<arg>${signIn_X}</arg>
<doc>Click the element identified by ``locator``.</doc>
<msg timestamp="20210416 18:52:31.941" level="INFO">Clicking element 'xpath://input[@type='submit']'.</msg>
<status status="PASS" starttime="20210416 18:52:31.941" endtime="20210416 18:52:38.102"/>
</kw>
<status status="PASS" starttime="20210416 18:52:15.652" endtime="20210416 18:52:38.106"/>
</kw>
<test id="s1-t1" name="1. Start with deal creation">
<kw name="Given I am on Deals Page" library="HomePageKeywords">
<kw name="Click Link" library="SeleniumLibrary">
<arg>${deals_Nav_Link}</arg>
<doc>Clicks a link identified by ``locator``.</doc>
<msg timestamp="20210416 18:52:38.112" level="INFO">Clicking link 'css:a[href="/deals"]'.</msg>
<status status="PASS" starttime="20210416 18:52:38.112" endtime="20210416 18:52:38.531"/>
</kw>
<kw name="Element Should Be Visible" library="SeleniumLibrary">
<arg>${dealsTitle_X}</arg>
<doc>Verifies that the element identified by ``locator`` is visible.</doc>
<msg timestamp="20210416 18:52:39.269" level="INFO">Element '//h3[text()="Deals"]' is displayed.</msg>
<status status="PASS" starttime="20210416 18:52:38.531" endtime="20210416 18:52:39.269"/>
</kw>
<kw name="Element Should Be Visible" library="SeleniumLibrary">
<arg>${dealList_X}</arg>
<doc>Verifies that the element identified by ``locator`` is visible.</doc>
<msg timestamp="20210416 18:52:39.380" level="INFO">Element '//div[@data-test-id="deals-list-container"]' is displayed.</msg>
<status status="PASS" starttime="20210416 18:52:39.269" endtime="20210416 18:52:39.380"/>
</kw>
<status status="PASS" starttime="20210416 18:52:38.110" endtime="20210416 18:52:39.380"/>
</kw>
<kw name="When I am Creating a Test Deal" library="CreateDealKeywords">
<kw name="Click Link" library="SeleniumLibrary">
<arg>${deals_Nav_Link}</arg>
<doc>Clicks a link identified by ``locator``.</doc>
<msg timestamp="20210416 18:52:39.386" level="INFO">Clicking link 'css:a[href="/deals"]'.</msg>
<status status="PASS" starttime="20210416 18:52:39.380" endtime="20210416 18:52:39.583"/>
</kw>
<kw name="Element Should Be Visible" library="SeleniumLibrary">
<arg>${dealsTitle_X}</arg>
<doc>Verifies that the element identified by ``locator`` is visible.</doc>
<msg timestamp="20210416 18:52:39.644" level="INFO">Element '//h3[text()="Deals"]' is displayed.</msg>
<status status="PASS" starttime="20210416 18:52:39.583" endtime="20210416 18:52:39.644"/>
</kw>
<kw name="Element Should Be Visible" library="SeleniumLibrary">
<arg>${dealList_X}</arg>
<doc>Verifies that the element identified by ``locator`` is visible.</doc>
<msg timestamp="20210416 18:52:39.728" level="INFO">Element '//div[@data-test-id="deals-list-container"]' is displayed.</msg>
<status status="PASS" starttime="20210416 18:52:39.644" endtime="20210416 18:52:39.728"/>
</kw>
<kw name="Sleep" library="BuiltIn">
<arg>4</arg>
<doc>Pauses the test executed for the given time.</doc>
<msg timestamp="20210416 18:52:43.744" level="INFO">Slept 4 seconds</msg>
<status status="PASS" starttime="20210416 18:52:39.728" endtime="20210416 18:52:43.744"/>
</kw>
<kw name="Click Element" library="SeleniumLibrary">
<arg>${createDeal_X}</arg>
<doc>Click the element identified by ``locator``.</doc>
<msg timestamp="20210416 18:52:43.744" level="INFO">Clicking element '//a[text()="Create Deal"]'.</msg>
<status status="PASS" starttime="20210416 18:52:43.744" endtime="20210416 18:52:43.992"/>
</kw>
<kw name="Click Element" library="SeleniumLibrary">
<arg>${createByType_X}</arg>
<doc>Click the element identified by ``locator``.</doc>
<msg timestamp="20210416 18:52:43.992" level="INFO">Clicking element '//*[@data-test-id="start-with-template"]'.</msg>
<status status="PASS" starttime="20210416 18:52:43.992" endtime="20210416 18:52:45.840"/>
</kw>
<kw name="Click Element" library="SeleniumLibrary">
<arg>${selectDealType_X}</arg>
<doc>Click the element identified by ``locator``.</doc>
<msg timestamp="20210416 18:52:45.840" level="INFO">Clicking element '//div[@data-test-id="deal-type-5"]'.</msg>
<status status="PASS" starttime="20210416 18:52:45.840" endtime="20210416 18:52:46.288"/>
</kw>
<kw name="Input Text" library="SeleniumLibrary">
<arg>${searchTemplate_X}</arg>
<arg>${template}</arg>
<doc>Types the given ``text`` into the text field identified by ``locator``.</doc>
<msg timestamp="20210416 18:52:46.288" level="INFO">Typing text 'Blank Data Room' into text field '//input[@placeholder="Search Templates"]'.</msg>
<status status="PASS" starttime="20210416 18:52:46.288" endtime="20210416 18:52:48.964"/>
</kw>
<kw name="Click Element" library="SeleniumLibrary">
<arg>${selectTemplate_X}</arg>
<doc>Click the element identified by ``locator``.</doc>
<msg timestamp="20210416 18:52:48.965" level="INFO">Clicking element '//h3[text()="Blank Data Room"]'.</msg>
<status status="PASS" starttime="20210416 18:52:48.964" endtime="20210416 18:52:49.294"/>
</kw>
<kw name="Click Element" library="SeleniumLibrary">
<arg>${dataRoom_Yes_X}</arg>
<doc>Click the element identified by ``locator``.</doc>
<msg timestamp="20210416 18:52:49.295" level="INFO">Clicking element '//button[@data-test-id="include-data-room-button-yes"]'.</msg>
<status status="PASS" starttime="20210416 18:52:49.294" endtime="20210416 18:52:49.479"/>
</kw>
<kw name="Click Element" library="SeleniumLibrary">
<arg>${votingThreshold_Yes_X}</arg>
<doc>Click the element identified by ``locator``.</doc>
<msg timestamp="20210416 18:52:49.480" level="INFO">Clicking element '//button[@data-test-id="use-voting-threshold-button-yes"]'.</msg>
<status status="PASS" starttime="20210416 18:52:49.480" endtime="20210416 18:52:49.797"/>
</kw>
<kw name="Skip If" library="BuiltIn">
<arg>${mercuryCompliance_No_X}</arg>
<doc>Skips the rest of the current test if the ``condition`` is True.</doc>
<msg timestamp="20210416 18:52:49.798" level="FAIL">Evaluating expression '//span[text()="No"]' failed: SyntaxError: invalid syntax (&lt;string&gt;, line 1)</msg>
<status status="FAIL" starttime="20210416 18:52:49.797" endtime="20210416 18:52:49.798"/>
</kw>
<kw name="Click Element" library="SeleniumLibrary">
<arg>${mercuryCompliance_No_X}</arg>
<doc>Click the element identified by ``locator``.</doc>
<status status="NOT RUN" starttime="20210416 18:52:49.799" endtime="20210416 18:52:49.799"/>
</kw>
<kw name="Click Element" library="SeleniumLibrary">
<arg>${next_X)</arg>
<doc>Click the element identified by ``locator``.</doc>
<status status="NOT RUN" starttime="20210416 18:52:49.799" endtime="20210416 18:52:49.799"/>
</kw>
<kw name="Click Element" library="SeleniumLibrary">
<arg>${testDeal_Yes_X}</arg>
<doc>Click the element identified by ``locator``.</doc>
<status status="NOT RUN" starttime="20210416 18:52:49.800" endtime="20210416 18:52:49.800"/>
</kw>
<kw name="Generate Random String" library="String">
<var>${randeal}</var>
<arg>8</arg>
<arg>[NUMBERS]</arg>
<doc>Generates a string with a desired ``length`` from the given ``chars``.</doc>
<status status="NOT RUN" starttime="20210416 18:52:49.800" endtime="20210416 18:52:49.800"/>
</kw>
<kw name="Input Text" library="SeleniumLibrary">
<arg>${dealName_X}</arg>
<arg>Dealno${randeal}</arg>
<doc>Types the given ``text`` into the text field identified by ``locator``.</doc>
<status status="NOT RUN" starttime="20210416 18:52:49.801" endtime="20210416 18:52:49.801"/>
</kw>
<kw name="Set Global Variable" library="BuiltIn">
<arg>${random}</arg>
<arg>Dealno${randeal}</arg>
<doc>Makes a variable available globally in all tests and suites.</doc>
<status status="NOT RUN" starttime="20210416 18:52:49.801" endtime="20210416 18:52:49.801"/>
</kw>
<kw name="Click Element" library="SeleniumLibrary">
<arg>${next_X}</arg>
<doc>Click the element identified by ``locator``.</doc>
<status status="NOT RUN" starttime="20210416 18:52:49.802" endtime="20210416 18:52:49.802"/>
</kw>
<kw name="Click Element" library="SeleniumLibrary">
<arg>${dealEmail_No_X}</arg>
<doc>Click the element identified by ``locator``.</doc>
<status status="NOT RUN" starttime="20210416 18:52:49.802" endtime="20210416 18:52:49.802"/>
</kw>
<kw name="Click Element" library="SeleniumLibrary">
<arg>${next_X}</arg>
<doc>Click the element identified by ``locator``.</doc>
<status status="NOT RUN" starttime="20210416 18:52:49.802" endtime="20210416 18:52:49.803"/>
</kw>
<kw name="Click Button" library="SeleniumLibrary">
<arg>${setUpTeam_X}</arg>
<doc>Clicks the button identified by ``locator``.</doc>
<status status="NOT RUN" starttime="20210416 18:52:49.803" endtime="20210416 18:52:49.803"/>
</kw>
<status status="FAIL" starttime="20210416 18:52:39.380" endtime="20210416 18:52:49.803"/>
</kw>
<kw name="Then Deal is created Successfully" library="CreateDealKeywords">
<status status="NOT RUN" starttime="20210416 18:52:49.806" endtime="20210416 18:52:49.806"/>
</kw>
<kw name="And Close Browser" library="SeleniumLibrary">
<doc>Closes the current browser.</doc>
<status status="NOT RUN" starttime="20210416 18:52:49.815" endtime="20210416 18:52:49.815"/>
</kw>
<status status="FAIL" starttime="20210416 18:52:38.106" endtime="20210416 18:52:49.819">Evaluating expression '//span[text()="No"]' failed: SyntaxError: invalid syntax (&lt;string&gt;, line 1)</status>
</test>
<test id="s1-t2" name="2. Delete Deal">
<kw name="Given I am on Deals Page" library="HomePageKeywords">
<kw name="Click Link" library="SeleniumLibrary">
<arg>${deals_Nav_Link}</arg>
<doc>Clicks a link identified by ``locator``.</doc>
<msg timestamp="20210416 18:52:49.828" level="INFO">Clicking link 'css:a[href="/deals"]'.</msg>
<kw name="Capture Page Screenshot" library="SeleniumLibrary">
<doc>Takes a screenshot of the current page and embeds it into a log file.</doc>
<msg timestamp="20210416 18:52:50.925" level="INFO" html="true">&lt;/td&gt;&lt;/tr&gt;&lt;tr&gt;&lt;td colspan="3"&gt;&lt;a href="selenium-screenshot-7.png"&gt;&lt;img src="selenium-screenshot-7.png" width="800px"&gt;&lt;/a&gt;</msg>
<status status="PASS" starttime="20210416 18:52:50.393" endtime="20210416 18:52:50.925"/>
</kw>
<msg timestamp="20210416 18:52:50.933" level="FAIL">WebDriverException: Message: unknown error: Element &lt;a class="nav-link" data-test-id="nav-item-deals-link" href="/deals"&gt;...&lt;/a&gt; is not clickable at point (301, 30). Other element would receive the click: &lt;div class="whiteout-ui" data-test-id="create-deal-modal-set-details" style="position: fixed; inset: 0px; z-index: 9998; display: flex; flex-direction: column; padding: 40px 40px 60px; background: rgb(255, 255, 255); overflow: hidden;"&gt;...&lt;/div&gt;
  (Session info: chrome=89.0.4389.128)
  (Driver info: chromedriver=2.42.591088 (7b2b2dca23cca0862f674758c9a3933e685c27d5),platform=Windows NT 10.0.19042 x86_64)
</msg>
<status status="FAIL" starttime="20210416 18:52:49.827" endtime="20210416 18:52:50.933"/>
</kw>
<kw name="Element Should Be Visible" library="SeleniumLibrary">
<arg>${dealsTitle_X}</arg>
<doc>Verifies that the element identified by ``locator`` is visible.</doc>
<status status="NOT RUN" starttime="20210416 18:52:50.933" endtime="20210416 18:52:50.934"/>
</kw>
<kw name="Element Should Be Visible" library="SeleniumLibrary">
<arg>${dealList_X}</arg>
<doc>Verifies that the element identified by ``locator`` is visible.</doc>
<status status="NOT RUN" starttime="20210416 18:52:50.934" endtime="20210416 18:52:50.934"/>
</kw>
<status status="FAIL" starttime="20210416 18:52:49.826" endtime="20210416 18:52:50.934"/>
</kw>
<kw name="And I have opened a deal" library="HomePageKeywords">
<status status="NOT RUN" starttime="20210416 18:52:50.968" endtime="20210416 18:52:50.968"/>
</kw>
<kw name="When I am deleting deal" library="DealSettingsKeywords">
<status status="NOT RUN" starttime="20210416 18:52:50.985" endtime="20210416 18:52:50.985"/>
</kw>
<status status="FAIL" starttime="20210416 18:52:49.825" endtime="20210416 18:52:50.988">WebDriverException: Message: unknown error: Element &lt;a class="nav-link" data-test-id="nav-item-deals-link" href="/deals"&gt;...&lt;/a&gt; is not clickable at point (301, 30). Other element would receive the click: &lt;div class="whiteout-ui" data-test-id="create-deal-modal-set-details" style="position: fixed; inset: 0px; z-index: 9998; display: flex; flex-direction: column; padding: 40px 40px 60px; background: rgb(255, 255, 255); overflow: hidden;"&gt;...&lt;/div&gt;
  (Session info: chrome=89.0.4389.128)
  (Driver info: chromedriver=2.42.591088 (7b2b2dca23cca0862f674758c9a3933e685c27d5),platform=Windows NT 10.0.19042 x86_64)
</status>
</test>
<status status="FAIL" starttime="20210416 18:52:14.445" endtime="20210416 18:52:50.995"/>
</suite>
<statistics>
<total>
<stat pass="0" fail="2" skip="0">All Tests</stat>
</total>
<tag>
</tag>
<suite>
<stat pass="0" fail="2" skip="0" id="s1" name="CreateDeal">CreateDeal</stat>
</suite>
</statistics>
<errors>
<msg timestamp="20210416 18:52:15.180" level="ERROR">Error in file 'C:\Users\LENOVO\PycharmProjects\Rb repository\rbpract1\Keywords\HomePageKeywords.robot' on line 3: Importing library 'Selenium2Library' failed: ModuleNotFoundError: No module named 'Selenium2Library'
Traceback (most recent call last):
  None
PYTHONPATH:
  C:\Users\LENOVO\PycharmProjects\pythonProject\venv\Scripts\robot.exe
  C:\Users\LENOVO\AppData\Local\Programs\Python\Python39\python39.zip
  C:\Users\LENOVO\AppData\Local\Programs\Python\Python39\DLLs
  C:\Users\LENOVO\AppData\Local\Programs\Python\Python39\lib
  C:\Users\LENOVO\AppData\Local\Programs\Python\Python39
  c:\users\lenovo\pycharmprojects\pythonproject\venv
  c:\users\lenovo\pycharmprojects\pythonproject\venv\lib\site-packages</msg>
<msg timestamp="20210416 18:52:15.308" level="ERROR">Error in file 'C:\Users\LENOVO\PycharmProjects\Rb repository\rbpract1\Keywords\CreateDealKeywords.robot' on line 3: Importing library 'Selenium2Library' failed: ModuleNotFoundError: No module named 'Selenium2Library'
Traceback (most recent call last):
  None
PYTHONPATH:
  C:\Users\LENOVO\PycharmProjects\pythonProject\venv\Scripts\robot.exe
  C:\Users\LENOVO\AppData\Local\Programs\Python\Python39\python39.zip
  C:\Users\LENOVO\AppData\Local\Programs\Python\Python39\DLLs
  C:\Users\LENOVO\AppData\Local\Programs\Python\Python39\lib
  C:\Users\LENOVO\AppData\Local\Programs\Python\Python39
  c:\users\lenovo\pycharmprojects\pythonproject\venv
  c:\users\lenovo\pycharmprojects\pythonproject\venv\lib\site-packages</msg>
<msg timestamp="20210416 18:52:15.364" level="WARN">Imported library 'C:\Users\LENOVO\PycharmProjects\Rb repository\rbpract1\Locators\CreateDealLocators.py' contains no keywords.</msg>
<msg timestamp="20210416 18:52:15.428" level="ERROR">Error in file 'C:\Users\LENOVO\PycharmProjects\Rb repository\rbpract1\Keywords\DealSettingsKeywords.robot' on line 3: Importing library 'Selenium2Library' failed: ModuleNotFoundError: No module named 'Selenium2Library'
Traceback (most recent call last):
  None
PYTHONPATH:
  C:\Users\LENOVO\PycharmProjects\pythonProject\venv\Scripts\robot.exe
  C:\Users\LENOVO\AppData\Local\Programs\Python\Python39\python39.zip
  C:\Users\LENOVO\AppData\Local\Programs\Python\Python39\DLLs
  C:\Users\LENOVO\AppData\Local\Programs\Python\Python39\lib
  C:\Users\LENOVO\AppData\Local\Programs\Python\Python39
  c:\users\lenovo\pycharmprojects\pythonproject\venv
  c:\users\lenovo\pycharmprojects\pythonproject\venv\lib\site-packages</msg>
<msg timestamp="20210416 18:52:15.572" level="WARN">Imported library 'C:\Users\LENOVO\PycharmProjects\Rb repository\rbpract1\Locators\DealSettingsLocators.py' contains no keywords.</msg>
</errors>
</robot>
